<?xml version="1.0" encoding="UTF-8"?>
<!-- Generated by org.testng.reporters.JUnitReportReporter -->
<testsuite hostname="Selvis-Gram" failures="0" tests="2" name="Runner.CucumberRunnerTest" time="14.478" errors="0" timestamp="2024-06-07T07:24:53 CDT" skipped="0">
  <testcase classname="Runner.CucumberRunnerTest" name="runScenario" time="4.305"/>
  <testcase classname="Runner.CucumberRunnerTest" name="runScenario" time="10.173"/>
</testsuite> <!-- Runner.CucumberRunnerTest -->
